<?xml version="1.0" encoding="UTF-8"?>
<testng-results skipped="0" failed="0" total="1" passed="1">
  <reporter-output>
  </reporter-output>
  <suite name="Suite" duration-ms="6396" started-at="2019-06-27T01:55:12Z" finished-at="2019-06-27T01:55:18Z">
    <groups>
    </groups>
    <test name="Test" duration-ms="6396" started-at="2019-06-27T01:55:12Z" finished-at="2019-06-27T01:55:18Z">
      <class name="org.isb.training.selenium.Automation">
        <test-method status="PASS" signature="beforeClass()[pri:0, instance:org.isb.training.selenium.Automation@62ee68d8]" name="beforeClass" is-config="true" duration-ms="3730" started-at="2019-06-26T21:55:12Z" finished-at="2019-06-26T21:55:15Z">
          <reporter-output>
          </reporter-output>
        </test-method> <!-- beforeClass -->
        <test-method status="PASS" signature="verifySearchButton()[pri:0, instance:org.isb.training.selenium.Automation@62ee68d8]" name="verifySearchButton" duration-ms="1882" started-at="2019-06-26T21:55:15Z" finished-at="2019-06-26T21:55:17Z">
          <reporter-output>
          </reporter-output>
        </test-method> <!-- verifySearchButton -->
        <test-method status="PASS" signature="afterClass()[pri:0, instance:org.isb.training.selenium.Automation@62ee68d8]" name="afterClass" is-config="true" duration-ms="763" started-at="2019-06-26T21:55:17Z" finished-at="2019-06-26T21:55:18Z">
          <reporter-output>
          </reporter-output>
        </test-method> <!-- afterClass -->
      </class> <!-- org.isb.training.selenium.Automation -->
    </test> <!-- Test -->
  </suite> <!-- Suite -->
</testng-results>
